#
# There is insufficient memory for the Java Runtime Environment to continue.
# Native memory allocation (malloc) failed to allocate 1068496 bytes for Chunk::new
# Possible reasons:
#   The system is out of physical RAM or swap space
#   The process is running with CompressedOops enabled, and the Java Heap may be blocking the growth of the native heap
# Possible solutions:
#   Reduce memory load on the system
#   Increase physical memory or swap space
#   Check if swap backing store is full
#   Decrease Java heap size (-Xmx/-Xms)
#   Decrease number of Java threads
#   Decrease Java thread stack sizes (-Xss)
#   Set larger code cache with -XX:ReservedCodeCacheSize=
#   JVM is running with Unscaled Compressed Oops mode in which the Java heap is
#     placed in the first 4GB address space. The Java Heap base address is the
#     maximum limit for the native heap growth. Please use -XX:HeapBaseMinAddress
#     to set the Java Heap base and to place the Java Heap above 4GB virtual address.
# This output file may be truncated or incomplete.
#
#  Out of Memory Error (allocation.cpp:389), pid=13408, tid=0x0000000000001cf8
#
# JRE version: OpenJDK Runtime Environment (8.0_242-b01) (build 1.8.0_242-release-1644-b01)
# Java VM: OpenJDK 64-Bit Server VM (25.242-b01 mixed mode windows-amd64 compressed oops)
# Failed to write core dump. Minidumps are not enabled by default on client versions of Windows
#

---------------  T H R E A D  ---------------

Current thread (0x0000000019271800):  JavaThread "C2 CompilerThread2" daemon [_thread_in_native, id=7416, stack(0x000000001aaa0000,0x000000001aba0000)]

Stack: [0x000000001aaa0000,0x000000001aba0000]
[error occurred during error reporting (printing stack bounds), id 0xc0000005]

Native frames: (J=compiled Java code, j=interpreted, Vv=VM code, C=native code)


Current CompileTask:
C2: 638647 22906       4       com.android.tools.r8.ir.optimize.l::k (625 bytes)


---------------  P R O C E S S  ---------------

Java Threads: ( => current thread )
  0x000000002e510800 JavaThread "Cache worker for Java compile cache (C:\Users\iremk\AndroidStudioProjects\Lab02_basic_login_page\.gradle\6.5\javaCompile)" [_thread_blocked, id=14112, stack(0x0000000035030000,0x0000000035130000)]
  0x000000002e50e000 JavaThread "Cache worker for Java compile cache (C:\Users\iremk\.gradle\caches\6.5\javaCompile)" [_thread_blocked, id=8964, stack(0x0000000034f30000,0x0000000035030000)]
  0x000000002e50c800 JavaThread "WorkerExecutor Queue Thread 15" [_thread_blocked, id=13896, stack(0x0000000033540000,0x0000000033640000)]
  0x000000002e50b000 JavaThread "WorkerExecutor Queue Thread 14" [_thread_blocked, id=14836, stack(0x0000000033440000,0x0000000033540000)]
  0x000000002e511000 JavaThread "WorkerExecutor Queue Thread 13" [_thread_blocked, id=15204, stack(0x00000000325d0000,0x00000000326d0000)]
  0x000000002e50d800 JavaThread "stdout" [_thread_in_native, id=8588, stack(0x0000000034780000,0x0000000034880000)]
  0x0000000025a87000 JavaThread "stderr" [_thread_in_native, id=8340, stack(0x0000000034680000,0x0000000034780000)]
  0x0000000025a85800 JavaThread "stdout" [_thread_in_native, id=5688, stack(0x0000000034580000,0x0000000034680000)]
  0x0000000025a87800 JavaThread "stderr" [_thread_in_native, id=4596, stack(0x0000000034480000,0x0000000034580000)]
  0x0000000025a8a000 JavaThread "stdout" [_thread_in_native, id=12632, stack(0x0000000034380000,0x0000000034480000)]
  0x0000000025a88800 JavaThread "stderr" [_thread_in_native, id=13804, stack(0x0000000033840000,0x0000000033940000)]
  0x0000000025a83000 JavaThread "stdout" [_thread_in_native, id=1080, stack(0x0000000034280000,0x0000000034380000)]
  0x0000000025a84000 JavaThread "stderr" [_thread_in_native, id=14240, stack(0x0000000034180000,0x0000000034280000)]
  0x0000000025a89000 JavaThread "stdout" [_thread_in_native, id=5340, stack(0x0000000034080000,0x0000000034180000)]
  0x0000000025a84800 JavaThread "stderr" [_thread_in_native, id=14440, stack(0x0000000033f80000,0x0000000034080000)]
  0x0000000025a7b800 JavaThread "stdout" [_thread_in_native, id=15024, stack(0x0000000033e80000,0x0000000033f80000)]
  0x0000000025a82800 JavaThread "stderr" [_thread_in_native, id=11412, stack(0x0000000033d80000,0x0000000033e80000)]
  0x0000000025a7b000 JavaThread "stdout" [_thread_in_native, id=13152, stack(0x0000000033c80000,0x0000000033d80000)]
  0x0000000025a80000 JavaThread "stderr" [_thread_in_native, id=12412, stack(0x0000000033b80000,0x0000000033c80000)]
  0x0000000025a81000 JavaThread "stdout" [_thread_in_native, id=1552, stack(0x0000000033a80000,0x0000000033b80000)]
  0x0000000025a81800 JavaThread "stderr" [_thread_in_native, id=11352, stack(0x0000000033980000,0x0000000033a80000)]
  0x0000000025a7e800 JavaThread "pool-4-thread-1" [_thread_blocked, id=10084, stack(0x0000000033740000,0x0000000033840000)]
  0x0000000025a7e000 JavaThread "WorkerExecutor Queue Thread 12" [_thread_blocked, id=4624, stack(0x0000000033640000,0x0000000033740000)]
  0x0000000025a7c800 JavaThread "WorkerExecutor Queue Thread 9" [_thread_blocked, id=13180, stack(0x0000000033340000,0x0000000033440000)]
  0x000000001b688000 JavaThread "MarlinRenderer Disposer" daemon [_thread_blocked, id=12856, stack(0x0000000033240000,0x0000000033340000)]
  0x000000001b683800 JavaThread "Java2D Disposer" daemon [_thread_blocked, id=10988, stack(0x00000000330d0000,0x00000000331d0000)]
  0x000000001b687000 JavaThread "WorkerExecutor Queue Thread 8" [_thread_blocked, id=12524, stack(0x0000000032ad0000,0x0000000032bd0000)]
  0x000000001b686800 JavaThread "WorkerExecutor Queue Thread 7" [_thread_blocked, id=1668, stack(0x00000000329d0000,0x0000000032ad0000)]
  0x000000001b682800 JavaThread "WorkerExecutor Queue Thread 6" [_thread_blocked, id=15200, stack(0x00000000328d0000,0x00000000329d0000)]
  0x000000001b685800 JavaThread "WorkerExecutor Queue Thread 5" [_thread_blocked, id=14844, stack(0x00000000327d0000,0x00000000328d0000)]
  0x000000001b67b000 JavaThread "WorkerExecutor Queue Thread 4" [_thread_blocked, id=13340, stack(0x00000000326d0000,0x00000000327d0000)]
  0x000000001b682000 JavaThread "WorkerExecutor Queue Thread 2" [_thread_blocked, id=12948, stack(0x00000000324d0000,0x00000000325d0000)]
  0x000000001b67c800 JavaThread "WorkerExecutor Queue" [_thread_blocked, id=14156, stack(0x00000000322d0000,0x00000000323d0000)]
  0x000000001b67b800 JavaThread "Execution worker for ':' Thread 11" [_thread_blocked, id=14612, stack(0x0000000031fd0000,0x00000000320d0000)]
  0x000000001b67f000 JavaThread "Execution worker for ':' Thread 10" [_thread_blocked, id=13692, stack(0x0000000031ed0000,0x0000000031fd0000)]
  0x000000001b679800 JavaThread "Execution worker for ':' Thread 9" [_thread_blocked, id=13108, stack(0x0000000031dd0000,0x0000000031ed0000)]
  0x000000001b680800 JavaThread "Cache worker for execution history cache (C:\Users\iremk\AndroidStudioProjects\Lab02_basic_login_page\.gradle\6.5\executionHistory)" [_thread_blocked, id=13356, stack(0x0000000031cd0000,0x0000000031dd0000)]
  0x000000001b678800 JavaThread "Execution worker for ':' Thread 8" [_thread_blocked, id=11920, stack(0x0000000031bd0000,0x0000000031cd0000)]
  0x000000001b67a000 JavaThread "Execution worker for ':' Thread 7" [_thread_blocked, id=12980, stack(0x0000000031ad0000,0x0000000031bd0000)]
  0x0000000025c33000 JavaThread "Execution worker for ':' Thread 6" [_thread_blocked, id=14976, stack(0x00000000319d0000,0x0000000031ad0000)]
  0x0000000025c31000 JavaThread "Execution worker for ':' Thread 5" [_thread_blocked, id=7344, stack(0x00000000318d0000,0x00000000319d0000)]
  0x0000000025c32800 JavaThread "Execution worker for ':' Thread 4" [_thread_blocked, id=5048, stack(0x00000000317d0000,0x00000000318d0000)]
  0x0000000025c30000 JavaThread "Execution worker for ':' Thread 3" [_thread_blocked, id=13048, stack(0x00000000316d0000,0x00000000317d0000)]
  0x0000000025c2f800 JavaThread "Execution worker for ':' Thread 2" [_thread_blocked, id=3308, stack(0x00000000315d0000,0x00000000316d0000)]
  0x0000000025c2e800 JavaThread "Execution worker for ':'" [_thread_blocked, id=2560, stack(0x00000000314d0000,0x00000000315d0000)]
  0x0000000025c31800 JavaThread "Cache worker for file content cache (C:\Users\iremk\AndroidStudioProjects\Lab02_basic_login_page\.gradle\6.5\fileContent)" [_thread_blocked, id=1428, stack(0x00000000313d0000,0x00000000314d0000)]
  0x0000000025c2e000 JavaThread "Cache worker for Build Output Cleanup Cache (C:\Users\iremk\AndroidStudioProjects\Lab02_basic_login_page\.gradle\buildOutputCleanup)" [_thread_blocked, id=12916, stack(0x00000000312d0000,0x00000000313d0000)]
  0x0000000025c28800 JavaThread "jar transforms Thread 184" [_thread_blocked, id=10088, stack(0x00000000311d0000,0x00000000312d0000)]
  0x0000000025c2d000 JavaThread "jar transforms Thread 183" [_thread_blocked, id=13576, stack(0x00000000310d0000,0x00000000311d0000)]
  0x0000000025c2b800 JavaThread "jar transforms Thread 182" [_thread_blocked, id=14100, stack(0x000000002f650000,0x000000002f750000)]
  0x0000000025c27000 JavaThread "jar transforms Thread 181" [_thread_blocked, id=14636, stack(0x000000002dcc0000,0x000000002ddc0000)]
  0x0000000025c25800 JavaThread "jar transforms Thread 180" [_thread_blocked, id=2740, stack(0x000000002dbc0000,0x000000002dcc0000)]
  0x0000000025c26800 JavaThread "jar transforms Thread 179" [_thread_blocked, id=14804, stack(0x000000002ccc0000,0x000000002cdc0000)]
  0x0000000025c28000 JavaThread "jar transforms Thread 178" [_thread_blocked, id=7140, stack(0x000000002cbc0000,0x000000002ccc0000)]
  0x0000000025c2b000 JavaThread "jar transforms Thread 177" [_thread_blocked, id=8808, stack(0x000000002cac0000,0x000000002cbc0000)]
  0x0000000025c2c800 JavaThread "jar transforms Thread 176" [_thread_blocked, id=14968, stack(0x000000002c9c0000,0x000000002cac0000)]
  0x0000000025c2a000 JavaThread "jar transforms Thread 175" [_thread_blocked, id=1636, stack(0x000000002c8c0000,0x000000002c9c0000)]
  0x0000000025c24000 JavaThread "jar transforms Thread 174" [_thread_blocked, id=14832, stack(0x000000002c7c0000,0x000000002c8c0000)]
  0x0000000025c25000 JavaThread "jar transforms Thread 173" [_thread_blocked, id=6356, stack(0x000000002c6c0000,0x000000002c7c0000)]
  0x0000000025c29800 JavaThread "jar transforms Thread 172" [_thread_blocked, id=14244, stack(0x000000002c5c0000,0x000000002c6c0000)]
  0x0000000021ca8000 JavaThread "jar transforms Thread 171" [_thread_blocked, id=1620, stack(0x000000002c4c0000,0x000000002c5c0000)]
  0x0000000021ca7800 JavaThread "jar transforms Thread 170" [_thread_blocked, id=6324, stack(0x000000002c3c0000,0x000000002c4c0000)]
  0x0000000021ca6800 JavaThread "jar transforms Thread 169" [_thread_blocked, id=13996, stack(0x000000002c2c0000,0x000000002c3c0000)]
  0x0000000021ca3800 JavaThread "jar transforms Thread 168" [_thread_blocked, id=8380, stack(0x000000002c1c0000,0x000000002c2c0000)]
  0x0000000021ca3000 JavaThread "jar transforms Thread 167" [_thread_blocked, id=8564, stack(0x000000002c0c0000,0x000000002c1c0000)]
  0x0000000021ca1800 JavaThread "jar transforms Thread 166" [_thread_blocked, id=14452, stack(0x000000002bfc0000,0x000000002c0c0000)]
  0x0000000021ca5000 JavaThread "jar transforms Thread 165" [_thread_blocked, id=1672, stack(0x000000002bec0000,0x000000002bfc0000)]
  0x0000000021ca4800 JavaThread "jar transforms Thread 164" [_thread_blocked, id=13964, stack(0x000000002bdc0000,0x000000002bec0000)]
  0x0000000021ca2000 JavaThread "jar transforms Thread 163" [_thread_blocked, id=14212, stack(0x000000002bcc0000,0x000000002bdc0000)]
  0x0000000021ca6000 JavaThread "jar transforms Thread 162" [_thread_blocked, id=14044, stack(0x000000002bbc0000,0x000000002bcc0000)]
  0x0000000021c9a000 JavaThread "jar transforms Thread 161" [_thread_blocked, id=13756, stack(0x000000002bac0000,0x000000002bbc0000)]
  0x0000000021c9d000 JavaThread "jar transforms Thread 160" [_thread_blocked, id=5976, stack(0x000000002b9c0000,0x000000002bac0000)]
  0x0000000021c9a800 JavaThread "jar transforms Thread 159" [_thread_blocked, id=9024, stack(0x000000002b8c0000,0x000000002b9c0000)]
  0x0000000021ca0800 JavaThread "jar transforms Thread 158" [_thread_blocked, id=4412, stack(0x000000002b7c0000,0x000000002b8c0000)]
  0x0000000021c9d800 JavaThread "jar transforms Thread 157" [_thread_blocked, id=5280, stack(0x000000002b6c0000,0x000000002b7c0000)]
  0x0000000021c9c000 JavaThread "jar transforms Thread 156" [_thread_blocked, id=8952, stack(0x000000002b5c0000,0x000000002b6c0000)]
  0x0000000021c9e800 JavaThread "jar transforms Thread 155" [_thread_blocked, id=13184, stack(0x000000002b4c0000,0x000000002b5c0000)]
  0x0000000021c9f000 JavaThread "jar transforms Thread 154" [_thread_blocked, id=12436, stack(0x000000002b3c0000,0x000000002b4c0000)]
  0x0000000021c9b800 JavaThread "jar transforms Thread 153" [_thread_blocked, id=14996, stack(0x000000002b2c0000,0x000000002b3c0000)]
  0x0000000021c99000 JavaThread "jar transforms Thread 152" [_thread_blocked, id=1492, stack(0x000000002b1c0000,0x000000002b2c0000)]
  0x0000000021ca0000 JavaThread "jar transforms Thread 151" [_thread_blocked, id=1784, stack(0x000000002b0c0000,0x000000002b1c0000)]
  0x000000001f7f1800 JavaThread "jar transforms Thread 150" [_thread_blocked, id=14480, stack(0x000000002afc0000,0x000000002b0c0000)]
  0x000000001f7f0000 JavaThread "jar transforms Thread 149" [_thread_blocked, id=11432, stack(0x000000002aec0000,0x000000002afc0000)]
  0x000000001f7ef800 JavaThread "jar transforms Thread 148" [_thread_blocked, id=13840, stack(0x000000002adc0000,0x000000002aec0000)]
  0x000000001f7f4000 JavaThread "jar transforms Thread 147" [_thread_blocked, id=14852, stack(0x000000002acc0000,0x000000002adc0000)]
  0x000000001f7f3000 JavaThread "jar transforms Thread 146" [_thread_blocked, id=13156, stack(0x000000002abc0000,0x000000002acc0000)]
  0x000000001f7f1000 JavaThread "jar transforms Thread 145" [_thread_blocked, id=14556, stack(0x000000002aac0000,0x000000002abc0000)]
  0x000000001f7f2800 JavaThread "jar transforms Thread 144" [_thread_blocked, id=12160, stack(0x000000002a9c0000,0x000000002aac0000)]
  0x000000001f7ee800 JavaThread "jar transforms Thread 143" [_thread_blocked, id=3860, stack(0x000000002a8c0000,0x000000002a9c0000)]
  0x000000001f7e7000 JavaThread "jar transforms Thread 142" [_thread_blocked, id=14680, stack(0x000000002a7c0000,0x000000002a8c0000)]
  0x000000001f7ee000 JavaThread "jar transforms Thread 141" [_thread_blocked, id=14816, stack(0x000000002a6c0000,0x000000002a7c0000)]
  0x000000001f7e6800 JavaThread "jar transforms Thread 140" [_thread_blocked, id=12868, stack(0x000000002a5c0000,0x000000002a6c0000)]
  0x000000001f7ed000 JavaThread "jar transforms Thread 139" [_thread_blocked, id=12088, stack(0x000000002a4c0000,0x000000002a5c0000)]
  0x000000001f7ea000 JavaThread "jar transforms Thread 138" [_thread_blocked, id=14076, stack(0x000000002a3c0000,0x000000002a4c0000)]
  0x000000001f7eb000 JavaThread "jar transforms Thread 137" [_thread_blocked, id=13176, stack(0x000000002a2c0000,0x000000002a3c0000)]
  0x000000001f7ec800 JavaThread "jar transforms Thread 136" [_thread_blocked, id=14892, stack(0x000000002a1c0000,0x000000002a2c0000)]
  0x000000001f7e8800 JavaThread "jar transforms Thread 135" [_thread_blocked, id=14792, stack(0x000000002a0c0000,0x000000002a1c0000)]
  0x000000001f7e8000 JavaThread "jar transforms Thread 134" [_thread_blocked, id=13372, stack(0x0000000029fc0000,0x000000002a0c0000)]
  0x000000001f7e9800 JavaThread "jar transforms Thread 133" [_thread_blocked, id=5832, stack(0x0000000029ec0000,0x0000000029fc0000)]
  0x000000001f7e5800 JavaThread "jar transforms Thread 132" [_thread_blocked, id=12592, stack(0x0000000029dc0000,0x0000000029ec0000)]
  0x000000001f7e5000 JavaThread "jar transforms Thread 131" [_thread_blocked, id=11996, stack(0x0000000029cc0000,0x0000000029dc0000)]
  0x000000001f7eb800 JavaThread "jar transforms Thread 130" [_thread_blocked, id=13856, stack(0x0000000029bc0000,0x0000000029cc0000)]
  0x000000002192b000 JavaThread "jar transforms Thread 129" [_thread_blocked, id=5220, stack(0x0000000029ac0000,0x0000000029bc0000)]
  0x0000000021931000 JavaThread "jar transforms Thread 128" [_thread_blocked, id=14068, stack(0x00000000299c0000,0x0000000029ac0000)]
  0x000000002192c800 JavaThread "jar transforms Thread 127" [_thread_blocked, id=9616, stack(0x00000000298c0000,0x00000000299c0000)]
  0x0000000021929800 JavaThread "jar transforms Thread 126" [_thread_blocked, id=10812, stack(0x00000000297c0000,0x00000000298c0000)]
  0x0000000021930800 JavaThread "jar transforms Thread 125" [_thread_blocked, id=9148, stack(0x00000000296c0000,0x00000000297c0000)]
  0x000000002192a800 JavaThread "jar transforms Thread 124" [_thread_blocked, id=14924, stack(0x00000000295c0000,0x00000000296c0000)]
  0x000000002192f800 JavaThread "jar transforms Thread 123" [_thread_blocked, id=12600, stack(0x00000000294c0000,0x00000000295c0000)]
  0x000000002192d800 JavaThread "jar transforms Thread 122" [_thread_blocked, id=1872, stack(0x00000000293c0000,0x00000000294c0000)]
  0x000000002192c000 JavaThread "jar transforms Thread 121" [_thread_blocked, id=13380, stack(0x00000000292c0000,0x00000000293c0000)]
  0x000000002192f000 JavaThread "jar transforms Thread 120" [_thread_blocked, id=13816, stack(0x00000000291c0000,0x00000000292c0000)]
  0x000000002192e000 JavaThread "jar transforms Thread 119" [_thread_blocked, id=14972, stack(0x00000000290c0000,0x00000000291c0000)]
  0x0000000021922000 JavaThread "jar transforms Thread 118" [_thread_blocked, id=14120, stack(0x0000000028fc0000,0x00000000290c0000)]
  0x0000000021929000 JavaThread "jar transforms Thread 117" [_thread_blocked, id=2744, stack(0x0000000028ec0000,0x0000000028fc0000)]
  0x0000000021927800 JavaThread "jar transforms Thread 116" [_thread_blocked, id=4336, stack(0x00000000278f0000,0x00000000279f0000)]
  0x0000000021926800 JavaThread "jar transforms Thread 115" [_thread_blocked, id=15092, stack(0x00000000277f0000,0x00000000278f0000)]
  0x0000000021928000 JavaThread "jar transforms Thread 114" [_thread_blocked, id=12576, stack(0x00000000276f0000,0x00000000277f0000)]
  0x0000000021923800 JavaThread "jar transforms Thread 113" [_thread_blocked, id=12144, stack(0x00000000275f0000,0x00000000276f0000)]
  0x0000000021926000 JavaThread "jar transforms Thread 112" [_thread_blocked, id=10664, stack(0x00000000274f0000,0x00000000275f0000)]
  0x0000000021923000 JavaThread "jar transforms Thread 111" [_thread_blocked, id=9540, stack(0x00000000273f0000,0x00000000274f0000)]
  0x0000000021924800 JavaThread "jar transforms Thread 110" [_thread_blocked, id=13828, stack(0x00000000272f0000,0x00000000273f0000)]
  0x0000000021925000 JavaThread "jar transforms Thread 109" [_thread_blocked, id=11332, stack(0x00000000271f0000,0x00000000272f0000)]
  0x000000001ba22000 JavaThread "jar transforms Thread 108" [_thread_blocked, id=13112, stack(0x00000000270f0000,0x00000000271f0000)]
  0x000000001ba27000 JavaThread "jar transforms Thread 107" [_thread_blocked, id=11744, stack(0x0000000026ff0000,0x00000000270f0000)]
  0x000000001ba26800 JavaThread "jar transforms Thread 106" [_thread_blocked, id=7872, stack(0x0000000026ef0000,0x0000000026ff0000)]
  0x000000001ba24000 JavaThread "jar transforms Thread 105" [_thread_blocked, id=5304, stack(0x0000000026df0000,0x0000000026ef0000)]
  0x000000001ba21000 JavaThread "jar transforms Thread 104" [_thread_blocked, id=9000, stack(0x0000000026af0000,0x0000000026bf0000)]
  0x000000001ba25800 JavaThread "jar transforms Thread 103" [_thread_blocked, id=9012, stack(0x00000000255f0000,0x00000000256f0000)]
  0x000000001ba28000 JavaThread "jar transforms Thread 102" [_thread_blocked, id=15308, stack(0x00000000242f0000,0x00000000243f0000)]
  0x0000000020f06000 JavaThread "jar transforms Thread 101" [_thread_blocked, id=12860, stack(0x00000000241f0000,0x00000000242f0000)]
  0x0000000020f08800 JavaThread "jar transforms Thread 100" [_thread_blocked, id=7976, stack(0x0000000023ef0000,0x0000000023ff0000)]
  0x0000000020f05800 JavaThread "jar transforms Thread 99" [_thread_blocked, id=15112, stack(0x0000000023df0000,0x0000000023ef0000)]
  0x0000000020f07000 JavaThread "jar transforms Thread 98" [_thread_blocked, id=13476, stack(0x0000000023cf0000,0x0000000023df0000)]
  0x0000000020f0a800 JavaThread "jar transforms Thread 97" [_thread_blocked, id=12464, stack(0x0000000023bf0000,0x0000000023cf0000)]
  0x0000000020f0a000 JavaThread "jar transforms Thread 96" [_thread_blocked, id=8388, stack(0x0000000023af0000,0x0000000023bf0000)]
  0x0000000020f09000 JavaThread "jar transforms Thread 95" [_thread_blocked, id=8880, stack(0x00000000239f0000,0x0000000023af0000)]
  0x0000000020f0b800 JavaThread "jar transforms Thread 94" [_thread_blocked, id=11204, stack(0x0000000022bf0000,0x0000000022cf0000)]
  0x0000000020efd800 JavaThread "jar transforms Thread 93" [_thread_blocked, id=12732, stack(0x0000000022af0000,0x0000000022bf0000)]
  0x0000000020f04800 JavaThread "Build operations Thread 12" [_thread_in_Java, id=12220, stack(0x00000000238f0000,0x00000000239f0000)]
  0x0000000020f00800 JavaThread "Build operations Thread 11" [_thread_blocked, id=13260, stack(0x00000000237f0000,0x00000000238f0000)]
  0x0000000020f00000 JavaThread "Build operations Thread 10" [_thread_blocked, id=14152, stack(0x00000000236f0000,0x00000000237f0000)]
  0x0000000020f01800 JavaThread "Build operations Thread 9" [_thread_blocked, id=14300, stack(0x00000000235f0000,0x00000000236f0000)]
  0x0000000020f03000 JavaThread "Build operations Thread 8" [_thread_in_Java, id=13524, stack(0x00000000234f0000,0x00000000235f0000)]
  0x0000000020f04000 JavaThread "Build operations Thread 7" [_thread_in_Java, id=12888, stack(0x00000000233f0000,0x00000000234f0000)]
  0x000000001f552800 JavaThread "Build operations Thread 6" [_thread_blocked, id=12532, stack(0x00000000232f0000,0x00000000233f0000)]
  0x000000001f552000 JavaThread "Build operations Thread 5" [_thread_blocked, id=6716, stack(0x00000000231f0000,0x00000000232f0000)]
  0x000000001f551000 JavaThread "Build operations Thread 4" [_thread_in_Java, id=9064, stack(0x00000000230f0000,0x00000000231f0000)]
  0x000000001f550800 JavaThread "Build operations Thread 3" [_thread_blocked, id=11108, stack(0x0000000022ff0000,0x00000000230f0000)]
  0x000000001f548800 JavaThread "Build operations Thread 2" [_thread_blocked, id=13256, stack(0x0000000022ef0000,0x0000000022ff0000)]
  0x000000001f54f800 JavaThread "Build operations" [_thread_blocked, id=9060, stack(0x0000000022df0000,0x0000000022ef0000)]
  0x000000001f54f000 JavaThread "Cache worker for cache directory md-rule (C:\Users\iremk\.gradle\caches\6.5\md-rule)" [_thread_blocked, id=11528, stack(0x00000000229f0000,0x0000000022af0000)]
  0x000000001f548000 JavaThread "Cache worker for cache directory md-supplier (C:\Users\iremk\.gradle\caches\6.5\md-supplier)" [_thread_blocked, id=12804, stack(0x00000000228f0000,0x00000000229f0000)]
  0x000000001f54e000 JavaThread "Cache worker for checksums cache (C:\Users\iremk\AndroidStudioProjects\Lab02_basic_login_page\.gradle\checksums)" [_thread_blocked, id=15240, stack(0x00000000227f0000,0x00000000228f0000)]
  0x000000001f546800 JavaThread "Cache worker for file hash cache (C:\Users\iremk\AndroidStudioProjects\Lab02_basic_login_page\.gradle\6.5\fileHashes)" [_thread_blocked, id=8872, stack(0x00000000226f0000,0x00000000227f0000)]
  0x000000001f54c800 JavaThread "Thread-142" [_thread_blocked, id=3192, stack(0x0000000020190000,0x0000000020290000)]
  0x000000001f54d800 JavaThread "Stdin handler" [_thread_blocked, id=7228, stack(0x000000001e9c0000,0x000000001eac0000)]
  0x000000001f545000 JavaThread "Asynchronous log dispatcher for DefaultDaemonConnection: socket connection from /127.0.0.1:52768 to /127.0.0.1:52935" [_thread_blocked, id=248, stack(0x000000001e6c0000,0x000000001e7c0000)]
  0x000000001f547000 JavaThread "Daemon worker Thread 2" [_thread_blocked, id=13076, stack(0x000000001e5c0000,0x000000001e6c0000)]
  0x000000001f544000 JavaThread "Cancel handler" [_thread_blocked, id=13120, stack(0x000000001e4c0000,0x000000001e5c0000)]
  0x000000001f54b000 JavaThread "Handler for socket connection from /127.0.0.1:52768 to /127.0.0.1:52935" [_thread_in_native, id=5384, stack(0x000000001e3c0000,0x000000001e4c0000)]
  0x000000001f545800 JavaThread "Daemon Thread 2" [_thread_blocked, id=11948, stack(0x0000000000b70000,0x0000000000c70000)]
  0x000000001f54c000 JavaThread "Memory manager" [_thread_blocked, id=15152, stack(0x000000002f7e0000,0x000000002f8e0000)]
  0x0000000020eff000 JavaThread "Cache worker for file content cache (C:\Users\iremk\.gradle\caches\6.5\fileContent)" [_thread_blocked, id=8812, stack(0x0000000024ef0000,0x0000000024ff0000)]
  0x0000000020efe800 JavaThread "Cache worker for execution history cache (C:\Users\iremk\.gradle\caches\6.5\executionHistory)" [_thread_blocked, id=6776, stack(0x00000000245f0000,0x00000000246f0000)]
  0x000000001ba23800 JavaThread "Cache worker for file hash cache (C:\Users\iremk\.gradle\caches\6.5\fileHashes)" [_thread_blocked, id=6860, stack(0x000000001eec0000,0x000000001efc0000)]
  0x000000001ba22800 JavaThread "File lock request listener" [_thread_in_native, id=1448, stack(0x000000001edc0000,0x000000001eec0000)]
  0x000000001ba25000 JavaThread "Cache worker for journal cache (C:\Users\iremk\.gradle\caches\journal-1)" [_thread_blocked, id=14608, stack(0x000000001ecc0000,0x000000001edc0000)]
  0x000000001caf2800 JavaThread "Daemon periodic checks" [_thread_blocked, id=11064, stack(0x000000001e0c0000,0x000000001e1c0000)]
  0x000000001ca7b000 JavaThread "Incoming local TCP Connector on port 52768" [_thread_in_native, id=12168, stack(0x000000001de80000,0x000000001df80000)]
  0x000000001937c800 JavaThread "Daemon health stats" [_thread_blocked, id=14048, stack(0x000000001d840000,0x000000001d940000)]
  0x00000000192fa800 JavaThread "Service Thread" daemon [_thread_blocked, id=8932, stack(0x000000001aca0000,0x000000001ada0000)]
  0x0000000019272000 JavaThread "C1 CompilerThread3" daemon [_thread_blocked, id=10372, stack(0x000000001aba0000,0x000000001aca0000)]
=>0x0000000019271800 JavaThread "C2 CompilerThread2" daemon [_thread_in_native, id=7416, stack(0x000000001aaa0000,0x000000001aba0000)]
  0x000000001926c000 JavaThread "C2 CompilerThread1" daemon [_thread_in_native, id=14320, stack(0x000000001a9a0000,0x000000001aaa0000)]
  0x0000000019264000 JavaThread "C2 CompilerThread0" daemon [_thread_in_native, id=12692, stack(0x000000001a8a0000,0x000000001a9a0000)]
  0x0000000019262000 JavaThread "Attach Listener" daemon [_thread_blocked, id=11664, stack(0x000000001a7a0000,0x000000001a8a0000)]
  0x0000000019261000 JavaThread "Signal Dispatcher" daemon [_thread_blocked, id=7884, stack(0x000000001a6a0000,0x000000001a7a0000)]
  0x0000000017b52000 JavaThread "Finalizer" daemon [_thread_blocked, id=6592, stack(0x000000001a4b0000,0x000000001a5b0000)]
  0x0000000019253000 JavaThread "Reference Handler" daemon [_thread_blocked, id=6852, stack(0x000000001a3b0000,0x000000001a4b0000)]
  0x0000000000dae000 JavaThread "main" [_thread_blocked, id=15192, stack(0x00000000026e0000,0x00000000027e0000)]

Other Threads:
  0x0000000017b45800 VMThread [stack: 0x000000001a2b0000,0x000000001a3b0000] [id=10732]
  0x00000000192fc800 WatcherThread [stack: 0x000000001ada0000,0x000000001aea0000] [id=13920]

VM state:not at safepoint (normal execution)

VM Mutex/Monitor currently owned by a thread: None

heap address: 0x0000000080000000, size: 2048 MB, Compressed Oops mode: 32-bit
Narrow klass base: 0x0000000000000000, Narrow klass shift: 3
Compressed class space size: 1073741824 Address: 0x0000000100000000

Heap:
 PSYoungGen      total 434176K, used 205579K [0x00000000d5580000, 0x00000000f2200000, 0x0000000100000000)
  eden space 396800K, 49% used [0x00000000d5580000,0x00000000e1665758,0x00000000ed900000)
  from space 37376K, 21% used [0x00000000ed900000,0x00000000ee0dd4d8,0x00000000efd80000)
  to   space 36352K, 0% used [0x00000000efe80000,0x00000000efe80000,0x00000000f2200000)
 ParOldGen       total 229888K, used 179523K [0x0000000080000000, 0x000000008e080000, 0x00000000d5580000)
  object space 229888K, 78% used [0x0000000080000000,0x000000008af50d38,0x000000008e080000)
 Metaspace       used 115598K, capacity 121226K, committed 124032K, reserved 1157120K
  class space    used 14817K, capacity 15887K, committed 16512K, reserved 1048576K

Card table byte_map: [0x0000000011ca0000,0x00000000120b0000] byte_map_base: 0x00000000118a0000

Marking Bits: (ParMarkBitMap*) 0x00000000573bf030
 Begin Bits: [0x0000000012d60000, 0x0000000014d60000)
 End Bits:   [0x0000000014d60000, 0x0000000016d60000)

Polling page: 0x00000000003f0000

CodeCache: size=245760Kb used=67514Kb max_used=67871Kb free=178245Kb
 bounds [0x00000000028e0000, 0x0000000006b90000, 0x00000000118e0000]
 total_blobs=19542 nmethods=18483 adapters=966
 compilation: enabled

Compilation events (10 events):
Event: 638.607 Thread 0x0000000019272000 23800       3       com.android.tools.r8.ir.optimize.K::a (282 bytes)
Event: 638.611 Thread 0x0000000019272000 nmethod 23800 0x0000000005ad3d50 code [0x0000000005ad41a0, 0x0000000005ad7018]
Event: 638.611 Thread 0x0000000019272000 23801   !   3       java.util.concurrent.ConcurrentHashMap::computeIfAbsent (493 bytes)
Event: 638.613 Thread 0x0000000019272000 nmethod 23801 0x0000000005ad05d0 code [0x0000000005ad0900, 0x0000000005ad2b18]
Event: 638.613 Thread 0x0000000019272000 23802       2       com.android.tools.r8.s.b.K0::b (32 bytes)
Event: 638.614 Thread 0x0000000019272000 nmethod 23802 0x0000000002e3b690 code [0x0000000002e3b800, 0x0000000002e3ba98]
Event: 638.621 Thread 0x0000000019272000 23803       1       com.android.tools.r8.s.b.K0::g2 (2 bytes)
Event: 638.621 Thread 0x0000000019272000 nmethod 23803 0x0000000005fdd6d0 code [0x0000000005fdd820, 0x0000000005fdd930]
Event: 638.629 Thread 0x0000000019272000 23805       1       com.android.tools.r8.code.J::q (2 bytes)
Event: 638.630 Thread 0x0000000019272000 nmethod 23805 0x00000000034a7c90 code [0x00000000034a7de0, 0x00000000034a7ef0]

GC Heap History (10 events):
Event: 636.027 GC heap before
{Heap before GC invocations=42 (full 5):
 PSYoungGen      total 320512K, used 304640K [0x00000000d5580000, 0x00000000ec780000, 0x0000000100000000)
  eden space 292864K, 100% used [0x00000000d5580000,0x00000000e7380000,0x00000000e7380000)
  from space 27648K, 42% used [0x00000000eac80000,0x00000000eb800370,0x00000000ec780000)
  to   space 43008K, 0% used [0x00000000e7380000,0x00000000e7380000,0x00000000e9d80000)
 ParOldGen       total 229888K, used 131097K [0x0000000080000000, 0x000000008e080000, 0x00000000d5580000)
  object space 229888K, 57% used [0x0000000080000000,0x0000000088006630,0x000000008e080000)
 Metaspace       used 114659K, capacity 120194K, committed 123264K, reserved 1157120K
  class space    used 14811K, capacity 15883K, committed 16512K, reserved 1048576K
Event: 636.047 GC heap after
Heap after GC invocations=42 (full 5):
 PSYoungGen      total 335872K, used 18969K [0x00000000d5580000, 0x00000000ef580000, 0x0000000100000000)
  eden space 292864K, 0% used [0x00000000d5580000,0x00000000d5580000,0x00000000e7380000)
  from space 43008K, 44% used [0x00000000e7380000,0x00000000e86065c8,0x00000000e9d80000)
  to   space 40448K, 0% used [0x00000000ece00000,0x00000000ece00000,0x00000000ef580000)
 ParOldGen       total 229888K, used 137562K [0x0000000080000000, 0x000000008e080000, 0x00000000d5580000)
  object space 229888K, 59% used [0x0000000080000000,0x00000000886569e0,0x000000008e080000)
 Metaspace       used 114659K, capacity 120194K, committed 123264K, reserved 1157120K
  class space    used 14811K, capacity 15883K, committed 16512K, reserved 1048576K
}
Event: 636.605 GC heap before
{Heap before GC invocations=43 (full 5):
 PSYoungGen      total 335872K, used 311833K [0x00000000d5580000, 0x00000000ef580000, 0x0000000100000000)
  eden space 292864K, 100% used [0x00000000d5580000,0x00000000e7380000,0x00000000e7380000)
  from space 43008K, 44% used [0x00000000e7380000,0x00000000e86065c8,0x00000000e9d80000)
  to   space 40448K, 0% used [0x00000000ece00000,0x00000000ece00000,0x00000000ef580000)
 ParOldGen       total 229888K, used 137562K [0x0000000080000000, 0x000000008e080000, 0x00000000d5580000)
  object space 229888K, 59% used [0x0000000080000000,0x00000000886569e0,0x000000008e080000)
 Metaspace       used 114803K, capacity 120330K, committed 123264K, reserved 1157120K
  class space    used 14813K, capacity 15885K, committed 16512K, reserved 1048576K
Event: 636.620 GC heap after
Heap after GC invocations=43 (full 5):
 PSYoungGen      total 378368K, used 12443K [0x00000000d5580000, 0x00000000ef100000, 0x0000000100000000)
  eden space 342528K, 0% used [0x00000000d5580000,0x00000000d5580000,0x00000000ea400000)
  from space 35840K, 34% used [0x00000000ece00000,0x00000000eda26d88,0x00000000ef100000)
  to   space 39424K, 0% used [0x00000000ea400000,0x00000000ea400000,0x00000000eca80000)
 ParOldGen       total 229888K, used 150106K [0x0000000080000000, 0x000000008e080000, 0x00000000d5580000)
  object space 229888K, 65% used [0x0000000080000000,0x0000000089296b58,0x000000008e080000)
 Metaspace       used 114803K, capacity 120330K, committed 123264K, reserved 1157120K
  class space    used 14813K, capacity 15885K, committed 16512K, reserved 1048576K
}
Event: 637.208 GC heap before
{Heap before GC invocations=44 (full 5):
 PSYoungGen      total 378368K, used 354971K [0x00000000d5580000, 0x00000000ef100000, 0x0000000100000000)
  eden space 342528K, 100% used [0x00000000d5580000,0x00000000ea400000,0x00000000ea400000)
  from space 35840K, 34% used [0x00000000ece00000,0x00000000eda26d88,0x00000000ef100000)
  to   space 39424K, 0% used [0x00000000ea400000,0x00000000ea400000,0x00000000eca80000)
 ParOldGen       total 229888K, used 150106K [0x0000000080000000, 0x000000008e080000, 0x00000000d5580000)
  object space 229888K, 65% used [0x0000000080000000,0x0000000089296b58,0x000000008e080000)
 Metaspace       used 115279K, capacity 120904K, committed 123776K, reserved 1157120K
  class space    used 14816K, capacity 15886K, committed 16512K, reserved 1048576K
Event: 637.226 GC heap after
Heap after GC invocations=44 (full 5):
 PSYoungGen      total 381952K, used 17827K [0x00000000d5580000, 0x00000000f2300000, 0x0000000100000000)
  eden space 342528K, 0% used [0x00000000d5580000,0x00000000d5580000,0x00000000ea400000)
  from space 39424K, 45% used [0x00000000ea400000,0x00000000eb568f48,0x00000000eca80000)
  to   space 37376K, 0% used [0x00000000efe80000,0x00000000efe80000,0x00000000f2300000)
 ParOldGen       total 229888K, used 157520K [0x0000000080000000, 0x000000008e080000, 0x00000000d5580000)
  object space 229888K, 68% used [0x0000000080000000,0x00000000899d4058,0x000000008e080000)
 Metaspace       used 115279K, capacity 120904K, committed 123776K, reserved 1157120K
  class space    used 14816K, capacity 15886K, committed 16512K, reserved 1048576K
}
Event: 637.757 GC heap before
{Heap before GC invocations=45 (full 5):
 PSYoungGen      total 381952K, used 360355K [0x00000000d5580000, 0x00000000f2300000, 0x0000000100000000)
  eden space 342528K, 100% used [0x00000000d5580000,0x00000000ea400000,0x00000000ea400000)
  from space 39424K, 45% used [0x00000000ea400000,0x00000000eb568f48,0x00000000eca80000)
  to   space 37376K, 0% used [0x00000000efe80000,0x00000000efe80000,0x00000000f2300000)
 ParOldGen       total 229888K, used 157520K [0x0000000080000000, 0x000000008e080000, 0x00000000d5580000)
  object space 229888K, 68% used [0x0000000080000000,0x00000000899d4058,0x000000008e080000)
 Metaspace       used 115518K, capacity 121138K, committed 124032K, reserved 1157120K
  class space    used 14817K, capacity 15887K, committed 16512K, reserved 1048576K
Event: 637.782 GC heap after
Heap after GC invocations=45 (full 5):
 PSYoungGen      total 433152K, used 8037K [0x00000000d5580000, 0x00000000f2200000, 0x0000000100000000)
  eden space 396800K, 0% used [0x00000000d5580000,0x00000000d5580000,0x00000000ed900000)
  from space 36352K, 22% used [0x00000000efe80000,0x00000000f06597d0,0x00000000f2200000)
  to   space 37376K, 0% used [0x00000000ed900000,0x00000000ed900000,0x00000000efd80000)
 ParOldGen       total 229888K, used 173053K [0x0000000080000000, 0x000000008e080000, 0x00000000d5580000)
  object space 229888K, 75% used [0x0000000080000000,0x000000008a8ff5e0,0x000000008e080000)
 Metaspace       used 115518K, capacity 121138K, committed 124032K, reserved 1157120K
  class space    used 14817K, capacity 15887K, committed 16512K, reserved 1048576K
}
Event: 638.432 GC heap before
{Heap before GC invocations=46 (full 5):
 PSYoungGen      total 433152K, used 404837K [0x00000000d5580000, 0x00000000f2200000, 0x0000000100000000)
  eden space 396800K, 100% used [0x00000000d5580000,0x00000000ed900000,0x00000000ed900000)
  from space 36352K, 22% used [0x00000000efe80000,0x00000000f06597d0,0x00000000f2200000)
  to   space 37376K, 0% used [0x00000000ed900000,0x00000000ed900000,0x00000000efd80000)
 ParOldGen       total 229888K, used 173053K [0x0000000080000000, 0x000000008e080000, 0x00000000d5580000)
  object space 229888K, 75% used [0x0000000080000000,0x000000008a8ff5e0,0x000000008e080000)
 Metaspace       used 115583K, capacity 121226K, committed 124032K, reserved 1157120K
  class space    used 14817K, capacity 15887K, committed 16512K, reserved 1048576K
Event: 638.448 GC heap after
Heap after GC invocations=46 (full 5):
 PSYoungGen      total 434176K, used 8053K [0x00000000d5580000, 0x00000000f2200000, 0x0000000100000000)
  eden space 396800K, 0% used [0x00000000d5580000,0x00000000d5580000,0x00000000ed900000)
  from space 37376K, 21% used [0x00000000ed900000,0x00000000ee0dd4d8,0x00000000efd80000)
  to   space 36352K, 0% used [0x00000000efe80000,0x00000000efe80000,0x00000000f2200000)
 ParOldGen       total 229888K, used 179523K [0x0000000080000000, 0x000000008e080000, 0x00000000d5580000)
  object space 229888K, 78% used [0x0000000080000000,0x000000008af50d38,0x000000008e080000)
 Metaspace       used 115583K, capacity 121226K, committed 124032K, reserved 1157120K
  class space    used 14817K, capacity 15887K, committed 16512K, reserved 1048576K
}

Deoptimization events (10 events):
Event: 637.403 Thread 0x0000000020f03000 Uncommon trap: reason=unstable_if action=reinterpret pc=0x00000000066119d8 method=com.android.tools.r8.s.b.q1.f()V @ 29
Event: 637.470 Thread 0x000000001f551000 Uncommon trap: reason=bimorphic action=maybe_recompile pc=0x0000000006a0d48c method=com.android.tools.r8.s.a.p.u.G()Z @ 29
Event: 637.473 Thread 0x0000000020f04000 Uncommon trap: reason=class_check action=maybe_recompile pc=0x0000000005c7342c method=com.android.tools.r8.s.a.h.e.a(Ljava/util/Set;Ljava/util/List;Ljava/util/Map$Entry;)V @ 6
Event: 637.489 Thread 0x0000000020f04800 Uncommon trap: reason=bimorphic action=maybe_recompile pc=0x0000000006a0d48c method=com.android.tools.r8.s.a.p.u.G()Z @ 29
Event: 637.782 Thread 0x0000000020f04000 Uncommon trap: reason=unstable_if action=reinterpret pc=0x0000000003d1e710 method=java.util.concurrent.ConcurrentHashMap.computeIfAbsent(Ljava/lang/Object;Ljava/util/function/Function;)Ljava/lang/Object; @ 281
Event: 638.143 Thread 0x0000000020f04800 Uncommon trap: reason=bimorphic action=maybe_recompile pc=0x0000000006b0af2c method=com.android.tools.r8.q.a.a.b.u0.a(Ljava/util/Collection;)Lcom/android/tools/r8/q/a/a/b/u0; @ 47
Event: 638.143 Thread 0x0000000020f04800 Uncommon trap: reason=bimorphic action=maybe_recompile pc=0x0000000006b08404 method=com.android.tools.r8.q.a.a.b.n2.contains(Ljava/lang/Object;)Z @ 42
Event: 638.143 Thread 0x0000000020f04800 Uncommon trap: reason=bimorphic action=maybe_recompile pc=0x0000000006b08404 method=com.android.tools.r8.q.a.a.b.n2.contains(Ljava/lang/Object;)Z @ 42
Event: 638.143 Thread 0x0000000020f04800 Uncommon trap: reason=bimorphic action=maybe_recompile pc=0x0000000006b08404 method=com.android.tools.r8.q.a.a.b.n2.contains(Ljava/lang/Object;)Z @ 42
Event: 638.144 Thread 0x0000000020f04800 Uncommon trap: reason=bimorphic action=maybe_recompile pc=0x0000000006b08404 method=com.android.tools.r8.q.a.a.b.n2.contains(Ljava/lang/Object;)Z @ 42

Classes redefined (0 events):
No events

Internal exceptions (10 events):
Event: 636.146 Thread 0x000000001f552800 Implicit null exception at 0x00000000065fbd74 to 0x0000000006600d91
Event: 636.146 Thread 0x000000001f54f800 Implicit null exception at 0x00000000065fbd74 to 0x0000000006600d91
Event: 636.322 Thread 0x000000001f552000 Exception <a 'sun/nio/fs/WindowsException'> (0x00000000e2601de8) thrown at [C:\src\AOSP-openjdk-git\hotspot\src\share\vm\prims\jni.cpp, line 710]
Event: 636.651 Thread 0x0000000020f04800 Exception <a 'sun/nio/fs/WindowsException'> (0x00000000d6330028) thrown at [C:\src\AOSP-openjdk-git\hotspot\src\share\vm\prims\jni.cpp, line 710]
Event: 636.672 Thread 0x000000001f54f800 Implicit null exception at 0x000000000549ad06 to 0x000000000549aef1
Event: 636.747 Thread 0x000000001f54f800 Implicit null exception at 0x0000000003ec9bcf to 0x0000000003ec9d3d
Event: 636.747 Thread 0x000000001f550800 Exception <a 'sun/nio/fs/WindowsException'> (0x00000000d9c574d8) thrown at [C:\src\AOSP-openjdk-git\hotspot\src\share\vm\prims\jni.cpp, line 710]
Event: 636.811 Thread 0x000000001f54f800 Exception <a 'sun/nio/fs/WindowsException'> (0x00000000dbabb1d8) thrown at [C:\src\AOSP-openjdk-git\hotspot\src\share\vm\prims\jni.cpp, line 710]
Event: 636.870 Thread 0x0000000020f04800 Exception <a 'sun/nio/fs/WindowsException'> (0x00000000deb3caa8) thrown at [C:\src\AOSP-openjdk-git\hotspot\src\share\vm\prims\jni.cpp, line 710]
Event: 637.103 Thread 0x000000001f552800 Exception <a 'sun/nio/fs/WindowsException'> (0x00000000e6c5a0c8) thrown at [C:\src\AOSP-openjdk-git\hotspot\src\share\vm\prims\jni.cpp, line 710]

Events (10 events):
Event: 638.593 Thread 0x0000000020f04800 DEOPT PACKING pc=0x0000000006330ea5 sp=0x00000000239e9ce0
Event: 638.593 Thread 0x0000000020f04800 DEOPT UNPACKING pc=0x00000000029275d0 sp=0x00000000239e9ac8 mode 0
Event: 638.607 Thread 0x000000001f551000 DEOPT PACKING pc=0x0000000006330ea5 sp=0x00000000231e9bc0
Event: 638.607 Thread 0x000000001f551000 DEOPT UNPACKING pc=0x00000000029275d0 sp=0x00000000231e99a8 mode 0
Event: 638.610 Thread 0x0000000020f04000 DEOPT PACKING pc=0x00000000067cacb9 sp=0x00000000234e9fb0
Event: 638.610 Thread 0x0000000020f04000 DEOPT UNPACKING pc=0x00000000029275d0 sp=0x00000000234e9fa0 mode 0
Event: 638.619 Thread 0x0000000020f04000 DEOPT PACKING pc=0x000000000637df51 sp=0x00000000234e9ed0
Event: 638.619 Thread 0x0000000020f04000 DEOPT UNPACKING pc=0x00000000029275d0 sp=0x00000000234e9c90 mode 0
Event: 638.628 Thread 0x0000000020f03000 DEOPT PACKING pc=0x00000000068f6790 sp=0x00000000235ea180
Event: 638.628 Thread 0x0000000020f03000 DEOPT UNPACKING pc=0x00000000029275d0 sp=0x00000000235e9f30 mode 0


Dynamic libraries:
0x00007ff6b46f0000 - 0x00007ff6b4721000 	C:\Program Files\Android\Android Studio\jre\bin\java.exe
0x00007ffe15a10000 - 0x00007ffe15c05000 	C:\Windows\SYSTEM32\ntdll.dll
0x00007ffe14650000 - 0x00007ffe1470d000 	C:\Windows\System32\KERNEL32.DLL
0x00007ffe13150000 - 0x00007ffe13419000 	C:\Windows\System32\KERNELBASE.dll
0x00007ffe13d60000 - 0x00007ffe13e0c000 	C:\Windows\System32\ADVAPI32.dll
0x00007ffe15120000 - 0x00007ffe151be000 	C:\Windows\System32\msvcrt.dll
0x00007ffe14f30000 - 0x00007ffe14fcc000 	C:\Windows\System32\sechost.dll
0x00007ffe14e00000 - 0x00007ffe14f2b000 	C:\Windows\System32\RPCRT4.dll
0x00007ffe13a70000 - 0x00007ffe13c10000 	C:\Windows\System32\USER32.dll
0x00007ffe13910000 - 0x00007ffe13932000 	C:\Windows\System32\win32u.dll
0x00007ffe15250000 - 0x00007ffe1527a000 	C:\Windows\System32\GDI32.dll
0x00007ffe13630000 - 0x00007ffe1373b000 	C:\Windows\System32\gdi32full.dll
0x00007ffe13740000 - 0x00007ffe137dd000 	C:\Windows\System32\msvcp_win.dll
0x00007ffe13970000 - 0x00007ffe13a70000 	C:\Windows\System32\ucrtbase.dll
0x00007ffe003e0000 - 0x00007ffe0067a000 	C:\Windows\WinSxS\amd64_microsoft.windows.common-controls_6595b64144ccf1df_6.0.19041.844_none_ca00b6081b84eb1d\COMCTL32.dll
0x00007ffe150f0000 - 0x00007ffe15120000 	C:\Windows\System32\IMM32.DLL
0x0000000056a30000 - 0x0000000056b02000 	C:\Program Files\Android\Android Studio\jre\jre\bin\msvcr100.dll
0x0000000056bf0000 - 0x000000005743b000 	C:\Program Files\Android\Android Studio\jre\jre\bin\server\jvm.dll
0x00007ffe145e0000 - 0x00007ffe145e8000 	C:\Windows\System32\PSAPI.DLL
0x00007ffe00900000 - 0x00007ffe00927000 	C:\Windows\SYSTEM32\WINMM.dll
0x00007ffe05e10000 - 0x00007ffe05e1a000 	C:\Windows\SYSTEM32\VERSION.dll
0x00007ffdfff10000 - 0x00007ffdfff19000 	C:\Windows\SYSTEM32\WSOCK32.dll
0x00007ffe14c30000 - 0x00007ffe14c9b000 	C:\Windows\System32\ws2_32.DLL
0x00007ffe0ed30000 - 0x00007ffe0ed3f000 	C:\Program Files\Android\Android Studio\jre\jre\bin\verify.dll
0x00007ffdfbbc0000 - 0x00007ffdfbbe9000 	C:\Program Files\Android\Android Studio\jre\jre\bin\java.dll
0x00007ffdfcd20000 - 0x00007ffdfcd36000 	C:\Program Files\Android\Android Studio\jre\jre\bin\zip.dll
0x00007ffe15280000 - 0x00007ffe159c2000 	C:\Windows\System32\SHELL32.dll
0x00007ffe112b0000 - 0x00007ffe11a40000 	C:\Windows\SYSTEM32\windows.storage.dll
0x00007ffe148d0000 - 0x00007ffe14c25000 	C:\Windows\System32\combase.dll
0x00007ffe12bc0000 - 0x00007ffe12bec000 	C:\Windows\SYSTEM32\Wldp.dll
0x00007ffe14820000 - 0x00007ffe148ce000 	C:\Windows\System32\SHCORE.dll
0x00007ffe145f0000 - 0x00007ffe14645000 	C:\Windows\System32\shlwapi.dll
0x00007ffe13090000 - 0x00007ffe130af000 	C:\Windows\SYSTEM32\profapi.dll
0x00007ffdfcb60000 - 0x00007ffdfcb7a000 	C:\Program Files\Android\Android Studio\jre\jre\bin\net.dll
0x00007ffe12940000 - 0x00007ffe129aa000 	C:\Windows\system32\mswsock.dll
0x00007ffdfbc80000 - 0x00007ffdfbc93000 	C:\Program Files\Android\Android Studio\jre\jre\bin\nio.dll
0x00007ffddb330000 - 0x00007ffddb357000 	C:\Users\iremk\.gradle\native\f6784746aeab05261644944871eae4fe03e0ef1612fff0a4a95f87b438bc6780\windows-amd64\native-platform.dll
0x00007ffe0ec40000 - 0x00007ffe0ec4d000 	C:\Program Files\Android\Android Studio\jre\jre\bin\management.dll
0x00007ffe12b20000 - 0x00007ffe12b38000 	C:\Windows\SYSTEM32\CRYPTSP.dll
0x00007ffe12270000 - 0x00007ffe122a4000 	C:\Windows\system32\rsaenh.dll
0x00007ffe13940000 - 0x00007ffe13967000 	C:\Windows\System32\bcrypt.dll
0x00007ffe13050000 - 0x00007ffe1307e000 	C:\Windows\SYSTEM32\USERENV.dll
0x00007ffe137e0000 - 0x00007ffe13860000 	C:\Windows\System32\bcryptprimitives.dll
0x00007ffe12b10000 - 0x00007ffe12b1c000 	C:\Windows\SYSTEM32\CRYPTBASE.dll
0x00007ffe125e0000 - 0x00007ffe1261b000 	C:\Windows\SYSTEM32\IPHLPAPI.DLL
0x00007ffe14ca0000 - 0x00007ffe14ca8000 	C:\Windows\System32\NSI.dll
0x00007ffe0c600000 - 0x00007ffe0c617000 	C:\Windows\SYSTEM32\dhcpcsvc6.DLL
0x00007ffe0c5e0000 - 0x00007ffe0c5fd000 	C:\Windows\SYSTEM32\dhcpcsvc.DLL
0x00007ffe12620000 - 0x00007ffe126eb000 	C:\Windows\SYSTEM32\DNSAPI.dll
0x00007ffe0c620000 - 0x00007ffe0c62b000 	C:\Windows\SYSTEM32\WINNSI.DLL
0x00007ffddb360000 - 0x00007ffddb384000 	C:\Program Files\Android\Android Studio\jre\jre\bin\sunec.dll
0x00007ffe09e20000 - 0x00007ffe09e2a000 	C:\Windows\System32\rasadhlp.dll
0x00007ffe09260000 - 0x00007ffe092df000 	C:\Windows\System32\fwpuclnt.dll
0x00007ffe0e570000 - 0x00007ffe0e57b000 	C:\Program Files\Android\Android Studio\jre\jre\bin\sunmscapi.dll
0x00007ffe13420000 - 0x00007ffe1357f000 	C:\Windows\System32\CRYPT32.dll
0x00007ffe11ea0000 - 0x00007ffe11ed3000 	C:\Windows\SYSTEM32\ntmarta.dll
0x00007ffdd9230000 - 0x00007ffdd93cc000 	C:\Program Files\Android\Android Studio\jre\jre\bin\awt.dll
0x00007ffe13c90000 - 0x00007ffe13d5d000 	C:\Windows\System32\OLEAUT32.dll
0x00007ffe10fa0000 - 0x00007ffe10fcf000 	C:\Windows\SYSTEM32\dwmapi.dll
0x00007ffe0f800000 - 0x00007ffe0fdc0000 	C:\Windows\SYSTEM32\d2d1.dll
0x00007ffe10b40000 - 0x00007ffe10bd0000 	C:\Windows\SYSTEM32\apphelp.dll
0x00007ffe10bf0000 - 0x00007ffe10c8e000 	C:\Windows\system32\uxtheme.dll

VM Arguments:
jvm_args: -Xmx2048m -Dfile.encoding=UTF-8 -Duser.country=TR -Duser.language=tr -Duser.variant 
java_command: org.gradle.launcher.daemon.bootstrap.GradleDaemon 6.5
java_class_path (initial): C:\Users\iremk\.gradle\wrapper\dists\gradle-6.5-bin\6nifqtx7604sqp1q6g8wikw7p\gradle-6.5\lib\gradle-launcher-6.5.jar
Launcher Type: SUN_STANDARD

Environment Variables:
PATH=C:\Program Files (x86)\Common Files\Oracle\Java\javapath;C:\Windows\system32;C:\Windows;C:\Windows\System32\Wbem;C:\Windows\System32\WindowsPowerShell\v1.0\;C:\Windows\System32\OpenSSH\;C:\Program Files\dotnet\;C:\Program Files\Microsoft SQL Server\130\Tools\Binn\;C:\Program Files\Microsoft SQL Server\Client SDK\ODBC\170\Tools\Binn\;C:\Program Files (x86)\dotnet\;C:\Program Files\Git\cmd;C:\Program Files\nodejs\;C:\Program Files\TortoiseSVN\bin;C:\Program Files (x86)\Microsoft SQL Server\150\DTS\Binn\;C:\Users\iremk\AppData\Local\Microsoft\WindowsApps;C:\Users\iremk\AppData\Local\Programs\Microsoft VS Code\bin;C:\Users\iremk\.dotnet\tools;C:\Users\iremk\AppData\Roaming\npm;C:\Users\iremk\AppData\Local\GitHubDesktop\bin
USERNAME=iremk
OS=Windows_NT
PROCESSOR_IDENTIFIER=Intel64 Family 6 Model 158 Stepping 10, GenuineIntel



---------------  S Y S T E M  ---------------

OS: Windows 10.0 , 64 bit Build 19041 (10.0.19041.804)

CPU:total 12 (initial active 12) (6 cores per cpu, 2 threads per core) family 6 model 158 stepping 10, cmov, cx8, fxsr, mmx, sse, sse2, sse3, ssse3, sse4.1, sse4.2, popcnt, avx, avx2, aes, clmul, erms, 3dnowpref, lzcnt, ht, tsc, tscinvbit, bmi1, bmi2, adx

Memory: 4k page, physical 8258868k(170440k free), swap 16517428k(532k free)

vm_info: OpenJDK 64-Bit Server VM (25.242-b01) for windows-amd64 JRE (1.8.0_242-release-1644-b01), built by "builder" with MS VC++ 10.0 (VS2010)

time: Tue Mar 16 12:02:59 2021
timezone: Türkiye Standart Saati
elapsed time: 638 seconds (0d 0h 10m 38s)

